
Mar 05, 2017 14:56:48.72 NEW SESSION
Mar 05, 2017 14:56:48.72 [1492:5860:0305/145648.717:ERROR:gcm_channel_status_request.cc(89)] GCM channel request failed.
Mar 05, 2017 14:57:14.89 [1492:5860:0305/145714.892:ERROR:gcm_channel_status_request.cc(89)] GCM channel request failed.
Mar 05, 2017 14:58:03.15 [1492:5860:0305/145803.158:ERROR:gcm_channel_status_request.cc(89)] GCM channel request failed.
Mar 05, 2017 14:59:34.94 [1492:5860:0305/145934.942:ERROR:gcm_channel_status_request.cc(89)] GCM channel request failed.
Mar 05, 2017 15:02:44.16 [1492:5860:0305/150244.168:ERROR:gcm_channel_status_request.cc(89)] GCM channel request failed.
Mar 05, 2017 15:10:13.25 [7556:2040:0305/151013.253:ERROR:gcm_channel_status_request.cc(89)] GCM channel request failed.
Mar 05, 2017 15:10:39.89 [7556:2040:0305/151039.891:ERROR:gcm_channel_status_request.cc(89)] GCM channel request failed.
Mar 05, 2017 15:11:38.32 [7556:2040:0305/151138.321:ERROR:gcm_channel_status_request.cc(89)] GCM channel request failed.
Mar 05, 2017 15:13:29.74 [7556:2040:0305/151329.743:ERROR:gcm_channel_status_request.cc(89)] GCM channel request failed.
Mar 05, 2017 15:17:13.54 [7556:2040:0305/151713.548:ERROR:gcm_channel_status_request.cc(89)] GCM channel request failed.
Mar 05, 2017 15:23:43.69 [7556:2040:0305/152343.689:ERROR:gcm_channel_status_request.cc(89)] GCM channel request failed.
Mar 05, 2017 15:33:43.69 [7556:2040:0305/153343.694:ERROR:gcm_channel_status_request.cc(89)] GCM channel request failed.
Mar 05, 2017 15:43:43.69 [7556:2040:0305/154343.698:ERROR:gcm_channel_status_request.cc(89)] GCM channel request failed.
Mar 05, 2017 15:53:43.83 [7556:2040:0305/155343.830:ERROR:gcm_channel_status_request.cc(89)] GCM channel request failed.
Mar 05, 2017 16:03:43.83 [7556:2040:0305/160343.834:ERROR:gcm_channel_status_request.cc(89)] GCM channel request failed.

Mar 05, 2017 17:04:42.56 NEW SESSION
Mar 05, 2017 17:04:42.56 [1572:5004:0305/170442.563:ERROR:gcm_channel_status_request.cc(89)] GCM channel request failed.
Mar 05, 2017 17:05:11.64 [1572:5004:0305/170511.643:ERROR:gcm_channel_status_request.cc(89)] GCM channel request failed.
Mar 05, 2017 17:06:11.08 [1572:5004:0305/170611.081:ERROR:gcm_channel_status_request.cc(89)] GCM channel request failed.
Mar 05, 2017 17:07:35.01 [1572:5004:0305/170735.014:ERROR:gcm_channel_status_request.cc(89)] GCM channel request failed.
Mar 05, 2017 17:10:46.41 [1572:5004:0305/171046.410:ERROR:gcm_channel_status_request.cc(89)] GCM channel request failed.
Mar 05, 2017 17:21:49.84 [1572:5004:0305/172149.845:ERROR:gcm_channel_status_request.cc(89)] GCM channel request failed.
Mar 05, 2017 17:31:49.84 [1572:5004:0305/173149.847:ERROR:gcm_channel_status_request.cc(89)] GCM channel request failed.
Mar 05, 2017 17:41:49.85 [1572:5004:0305/174149.852:ERROR:gcm_channel_status_request.cc(89)] GCM channel request failed.

Mar 15, 2017 19:17:17.80 NEW SESSION
Mar 15, 2017 19:17:17.80 A Parser-blocking, cross-origin script, http://www.googletagservices.com/tag/js/gpt.js, is invoked via document.write. This may be blocked by the browser if the device has poor network connectivity. See https://www.chromestatus.com/feature/5718547946799104 for more details.
Mar 15, 2017 19:17:17.86 A Parser-blocking, cross-origin script, http://www.googletagservices.com/tag/js/gpt.js, is invoked via document.write. This may be blocked by the browser if the device has poor network connectivity. See https://www.chromestatus.com/feature/5718547946799104 for more details.
Mar 15, 2017 19:17:17.87 A Parser-blocking, cross-origin script, https://securepubads.g.doubleclick.net/gpt/pubads_impl_111.js, is invoked via document.write. This may be blocked by the browser if the device has poor network connectivity. See https://www.chromestatus.com/feature/5718547946799104 for more details.
Mar 15, 2017 19:17:17.88 A Parser-blocking, cross-origin script, https://securepubads.g.doubleclick.net/gpt/pubads_impl_111.js, is invoked via document.write. This may be blocked by the browser if the device has poor network connectivity. See https://www.chromestatus.com/feature/5718547946799104 for more details.
Mar 15, 2017 19:17:17.89 A Parser-blocking, cross-origin script, https://securepubads.g.doubleclick.net/gampad/ads?gdfp_req=1&correlator=1997099880775830&output=json_html&callback=googletag.impl.pubads.setAdContentsBySlotForSync&impl=ss&json_a=1&eid=108809080&sc=0&sfv=1-0-6&iu_parts=5055%2Cb2b%2Cdev%2Cdeveloper%2Cciu%2Cimu%2Clb%2Cwa%2Chero%2Csiteskin&enc_prev_ius=%2F0%2F1%2F2%2F3%2F4%2C%2F0%2F1%2F2%2F3%2F5%2C%2F0%2F1%2F2%2F3%2F5%2C%2F0%2F1%2F2%2F3%2F6%2C%2F0%2F1%2F2%2F3%2F6%2C%2F0%2F1%2F2%2F3%2F7%2C%2F0%2F1%2F2%2F3%2F8%2C%2F0%2F1%2F2%2F3%2F9&prev_iu_szs=600x200%7C300x200%2C300x250%7C300x600%7C300x1050%2C300x250%7C300x600%2C728x90%2C728x90%2C1x1%2C1x1%2C1x1&ists=7&prev_scp=pos%3Dtop%7Cpos%3Dtop%7Cpos%3Dmid%7Cpos%3Dtop%7Cpos%3Dlow%7C%7C%7C&cust_params=kw%3DJava%252COpen%2520Source%252CJSF%252CRails%252CMono%2520Linux%252CEclipse%252CMaven%252CHibernate%252CSubversion%252CServlet%252CAndroid%252CJython%252CPython%252CLinux%252CPerl%252Cclojure%26tax%3Dproduct%2520development%26path%3Djava%252Cother%252Carticle.php%252C1588511%252CReading-Data-from-Web-Pages-Buttons-and-Text-Fields.htm%26pagetype%3Dother%26url%3Dhttp%253A%252F%252Fwww.developer.com%252Fjava%252Fother%252Farticle.php%252F1588511%252FReading-Data-from-Web-Pages-Buttons-and-Text-Fields.htm%26pfm%3Ddes%26env%3Dprod%26wtdlk%3DWMlF4wrIZ7sAABMbIlcAAAAC%26kuid%3D&cookie_enabled=1&lmt=1489585637&dt=1489585637530&frm=20&biw=1366&bih=662&oid=3&adxs=-9%2C-9%2C-9%2C-9%2C-9%2C8%2C-9%2C-9&adys=-9%2C-9%2C-9%2C-9%2C-9%2C8%2C-9%2C-9&adks=4088025278%2C1760061812%2C1295885469%2C3455629096%2C3455629097%2C1456700008%2C2082264354%2C4277385925&gut=v2&ifi=1&u_tz=330&u_his=3&u_h=768&u_w=1366&u_ah=728&u_aw=1366&u_cd=24&u_nplug=4&u_nmime=5&u_sd=1&flash=0&url=http%3A%2F%2Fwww.developer.com%2Fjava%2Fother%2Farticle.php%2F1588511%2FReading-Data-from-Web-Pages-Buttons-and-Text-Fields.htm&ref=https%3A%2F%2Fwww.google.co.in%2F&dssz=25&icsg=202354480&std=0&csl=31&vrg=111&vrp=111&ga_vid=1344486303.1489585638&ga_sid=1489585638&ga_hid=955251031, is invoked via document.write. This may be blocked by the browser if the device has poor network connectivity. See https://www.chromestatus.com/feature/5718547946799104 for more details.
Mar 15, 2017 19:17:51.52 A Parser-blocking, cross-origin script, https://securepubads.g.doubleclick.net/gampad/ads?gdfp_req=1&correlator=1997099880775830&output=json_html&callback=googletag.impl.pubads.setAdContentsBySlotForSync&impl=ss&json_a=1&eid=108809080&sc=0&sfv=1-0-6&iu_parts=5055%2Cb2b%2Cdev%2Cdeveloper%2Cciu%2Cimu%2Clb%2Cwa%2Chero%2Csiteskin&enc_prev_ius=%2F0%2F1%2F2%2F3%2F4%2C%2F0%2F1%2F2%2F3%2F5%2C%2F0%2F1%2F2%2F3%2F5%2C%2F0%2F1%2F2%2F3%2F6%2C%2F0%2F1%2F2%2F3%2F6%2C%2F0%2F1%2F2%2F3%2F7%2C%2F0%2F1%2F2%2F3%2F8%2C%2F0%2F1%2F2%2F3%2F9&prev_iu_szs=600x200%7C300x200%2C300x250%7C300x600%7C300x1050%2C300x250%7C300x600%2C728x90%2C728x90%2C1x1%2C1x1%2C1x1&ists=7&prev_scp=pos%3Dtop%7Cpos%3Dtop%7Cpos%3Dmid%7Cpos%3Dtop%7Cpos%3Dlow%7C%7C%7C&cust_params=kw%3DJava%252COpen%2520Source%252CJSF%252CRails%252CMono%2520Linux%252CEclipse%252CMaven%252CHibernate%252CSubversion%252CServlet%252CAndroid%252CJython%252CPython%252CLinux%252CPerl%252Cclojure%26tax%3Dproduct%2520development%26path%3Djava%252Cother%252Carticle.php%252C1588511%252CReading-Data-from-Web-Pages-Buttons-and-Text-Fields.htm%26pagetype%3Dother%26url%3Dhttp%253A%252F%252Fwww.developer.com%252Fjava%252Fother%252Farticle.php%252F1588511%252FReading-Data-from-Web-Pages-Buttons-and-Text-Fields.htm%26pfm%3Ddes%26env%3Dprod%26wtdlk%3DWMlF4wrIZ7sAABMbIlcAAAAC%26kuid%3D&cookie_enabled=1&lmt=1489585637&dt=1489585637530&frm=20&biw=1366&bih=662&oid=3&adxs=-9%2C-9%2C-9%2C-9%2C-9%2C8%2C-9%2C-9&adys=-9%2C-9%2C-9%2C-9%2C-9%2C8%2C-9%2C-9&adks=4088025278%2C1760061812%2C1295885469%2C3455629096%2C3455629097%2C1456700008%2C2082264354%2C4277385925&gut=v2&ifi=1&u_tz=330&u_his=3&u_h=768&u_w=1366&u_ah=728&u_aw=1366&u_cd=24&u_nplug=4&u_nmime=5&u_sd=1&flash=0&url=http%3A%2F%2Fwww.developer.com%2Fjava%2Fother%2Farticle.php%2F1588511%2FReading-Data-from-Web-Pages-Buttons-and-Text-Fields.htm&ref=https%3A%2F%2Fwww.google.co.in%2F&dssz=25&icsg=202354480&std=0&csl=31&vrg=111&vrp=111&ga_vid=1344486303.1489585638&ga_sid=1489585638&ga_hid=955251031, is invoked via document.write. This may be blocked by the browser if the device has poor network connectivity. See https://www.chromestatus.com/feature/5718547946799104 for more details.
Mar 15, 2017 19:17:51.55 A Parser-blocking, cross-origin script, https://www.google.com/recaptcha/api/js/recaptcha.js, is invoked via document.write. This may be blocked by the browser if the device has poor network connectivity. See https://www.chromestatus.com/feature/5718547946799104 for more details.
Mar 15, 2017 19:17:51.56 A Parser-blocking, cross-origin script, https://www.google.com/recaptcha/api/js/recaptcha.js, is invoked via document.write. This may be blocked by the browser if the device has poor network connectivity. See https://www.chromestatus.com/feature/5718547946799104 for more details.
Mar 15, 2017 19:17:51.58 A Parser-blocking, cross-origin script, http://www.googletagservices.com/tag/js/gpt.js, is invoked via document.write. This may be blocked by the browser if the device has poor network connectivity. See https://www.chromestatus.com/feature/5718547946799104 for more details.
Mar 15, 2017 19:17:51.59 A Parser-blocking, cross-origin script, http://www.googletagservices.com/tag/js/gpt.js, is invoked via document.write. This may be blocked by the browser if the device has poor network connectivity. See https://www.chromestatus.com/feature/5718547946799104 for more details.
Mar 15, 2017 19:17:51.60 A Parser-blocking, cross-origin script, https://securepubads.g.doubleclick.net/gpt/pubads_impl_111.js, is invoked via document.write. This may be blocked by the browser if the device has poor network connectivity. See https://www.chromestatus.com/feature/5718547946799104 for more details.
Mar 15, 2017 19:17:51.62 A Parser-blocking, cross-origin script, https://securepubads.g.doubleclick.net/gpt/pubads_impl_111.js, is invoked via document.write. This may be blocked by the browser if the device has poor network connectivity. See https://www.chromestatus.com/feature/5718547946799104 for more details.
Mar 16, 2017 24:27:02.34 A Parser-blocking, cross-origin script, https://securepubads.g.doubleclick.net/gampad/ads?gdfp_req=1&correlator=428262282982458&output=json_html&callback=googletag.impl.pubads.setAdContentsBySlotForSync&impl=ss&json_a=1&eid=108809080%2C21060081&sc=0&sfv=1-0-6&iu_parts=5055%2Cb2b%2Cdev%2Cdeveloper%2Cciu%2Cimu%2Clb%2Cwa%2Chero%2Csiteskin&enc_prev_ius=%2F0%2F1%2F2%2F3%2F4%2C%2F0%2F1%2F2%2F3%2F5%2C%2F0%2F1%2F2%2F3%2F5%2C%2F0%2F1%2F2%2F3%2F6%2C%2F0%2F1%2F2%2F3%2F6%2C%2F0%2F1%2F2%2F3%2F7%2C%2F0%2F1%2F2%2F3%2F8%2C%2F0%2F1%2F2%2F3%2F9&prev_iu_szs=600x200%7C300x200%2C300x250%7C300x600%7C300x1050%2C300x250%7C300x600%2C728x90%2C728x90%2C1x1%2C1x1%2C1x1&ists=7&prev_scp=pos%3Dtop%7Cpos%3Dtop%7Cpos%3Dmid%7Cpos%3Dtop%7Cpos%3Dlow%7C%7C%7C&cust_params=kw%3DJava%252COpen%2520Source%252CJSF%252CRails%252CMono%2520Linux%252CEclipse%252CMaven%252CHibernate%252CSubversion%252CServlet%252CAndroid%252CJython%252CPython%252CLinux%252CPerl%252Cclojure%26tax%3Dproduct%2520development%26path%3Djava%252Cother%252Carticle.php%252C1588511%252CReadin

Mar 19, 2017 16:48:10.11 NEW SESSION
Mar 19, 2017 16:48:10.11 [9912:3008:0319/164810.113:ERROR:gcm_channel_status_request.cc(89)] GCM channel request failed.
Mar 19, 2017 16:48:34.66 [9912:3008:0319/164834.663:ERROR:gcm_channel_status_request.cc(89)] GCM channel request failed.
Mar 19, 2017 16:49:25.21 [9912:3008:0319/164925.214:ERROR:gcm_channel_status_request.cc(89)] GCM channel request failed.
Mar 19, 2017 16:50:46.34 [9912:3008:0319/165046.341:ERROR:gcm_channel_status_request.cc(89)] GCM channel request failed.
Mar 19, 2017 16:55:20.73 [9912:3008:0319/165520.734:ERROR:gcm_channel_status_request.cc(89)] GCM channel request failed.
Mar 19, 2017 17:00:47.53 [9912:3008:0319/170047.538:ERROR:gcm_channel_status_request.cc(89)] GCM channel request failed.

Mar 23, 2017 11:13:51.37 NEW SESSION
Mar 23, 2017 11:13:51.37 [WARNING:..\..\..\..\flash\platform\pepper\pep_module.cpp(63)] SANDBOXED
Mar 23, 2017 12:27:00.96 [6488:10416:0323/122700.966:ERROR:gcm_channel_status_request.cc(89)] GCM channel request failed.
Mar 23, 2017 12:27:28.67 [6488:10416:0323/122728.674:ERROR:gcm_channel_status_request.cc(89)] GCM channel request failed.
Mar 23, 2017 12:28:27.88 [6488:10416:0323/122827.889:ERROR:gcm_channel_status_request.cc(89)] GCM channel request failed.
Mar 23, 2017 12:30:09.54 [6488:10416:0323/123009.548:ERROR:gcm_channel_status_request.cc(89)] GCM channel request failed.
Mar 23, 2017 12:40:46.50 [2428:6000:0323/124046.448:ERROR:gcm_channel_status_request.cc(89)] GCM channel request failed.
Mar 23, 2017 12:41:06.78 [2428:6000:0323/124106.785:ERROR:gcm_channel_status_request.cc(89)] GCM channel request failed.
Mar 23, 2017 12:41:59.09 [2428:6000:0323/124159.091:ERROR:gcm_channel_status_request.cc(89)] GCM channel request failed.
Mar 23, 2017 12:43:58.73 [2428:6000:0323/124358.733:ERROR:gcm_channel_status_request.cc(89)] GCM channel request failed.

Mar 25, 2017 12:59:41.06 NEW SESSION
Mar 25, 2017 12:59:41.06 [1148:544:0325/125941.039:ERROR:gcm_channel_status_request.cc(89)] GCM channel request failed.
Mar 25, 2017 13:00:06.83 [1148:544:0325/130006.833:ERROR:gcm_channel_status_request.cc(89)] GCM channel request failed.
Mar 25, 2017 13:00:54.95 [1148:544:0325/130054.953:ERROR:gcm_channel_status_request.cc(89)] GCM channel request failed.
Mar 25, 2017 13:02:19.64 [1148:544:0325/130219.643:ERROR:gcm_channel_status_request.cc(89)] GCM channel request failed.
Mar 25, 2017 13:05:09.37 [1148:544:0325/130509.375:ERROR:gcm_channel_status_request.cc(89)] GCM channel request failed.
Mar 25, 2017 13:12:32.06 [1148:544:0325/131232.062:ERROR:gcm_channel_status_request.cc(89)] GCM channel request failed.

Mar 25, 2017 19:47:39.72 NEW SESSION
Mar 25, 2017 19:47:39.72 [6852:724:0325/194739.723:ERROR:gcm_channel_status_request.cc(89)] GCM channel request failed.
Mar 25, 2017 19:48:22.94 [6852:724:0325/194822.942:ERROR:gcm_channel_status_request.cc(89)] GCM channel request failed.
Mar 25, 2017 19:49:38.75 [6852:724:0325/194938.758:ERROR:gcm_channel_status_request.cc(89)] GCM channel request failed.
Mar 25, 2017 19:51:40.81 [6852:724:0325/195140.811:ERROR:gcm_channel_status_request.cc(89)] GCM channel request failed.
Mar 25, 2017 19:54:58.86 [6852:724:0325/195458.867:ERROR:gcm_channel_status_request.cc(89)] GCM channel request failed.
Mar 25, 2017 20:02:04.98 [6852:724:0325/200204.982:ERROR:gcm_channel_status_request.cc(89)] GCM channel request failed.
Mar 25, 2017 21:37:31.95 [6852:724:0325/213731.959:ERROR:gcm_channel_status_request.cc(89)] GCM channel request failed.
Mar 25, 2017 22:00:50.80 [6664:8324:0325/220050.808:ERROR:gcm_channel_status_request.cc(89)] GCM channel request failed.
Mar 25, 2017 22:01:35.19 [6664:8324:0325/220135.192:ERROR:gcm_channel_status_request.cc(89)] GCM channel request failed.
Mar 25, 2017 22:02:46.44 [6664:8324:0325/220246.444:ERROR:gcm_channel_status_request.cc(89)] GCM channel request failed.
Mar 25, 2017 22:04:38.71 [6664:8324:0325/220438.715:ERROR:gcm_channel_status_request.cc(89)] GCM channel request failed.
Mar 25, 2017 22:08:39.52 [6664:8324:0325/220839.525:ERROR:gcm_channel_status_request.cc(89)] GCM channel request failed.
Mar 25, 2017 22:14:39.44 [6664:8324:0325/221439.447:ERROR:gcm_channel_status_request.cc(89)] GCM channel request failed.
Mar 25, 2017 22:20:11.67 [7480:456:0325/222011.677:ERROR:gcm_channel_status_request.cc(89)] GCM channel request failed.
Mar 25, 2017 22:20:55.72 [7480:456:0325/222055.720:ERROR:gcm_channel_status_request.cc(89)] GCM channel request failed.
Mar 25, 2017 22:22:03.95 [7480:456:0325/222203.950:ERROR:gcm_channel_status_request.cc(89)] GCM channel request failed.
Mar 25, 2017 22:24:05.98 [7480:456:0325/222405.982:ERROR:gcm_channel_status_request.cc(89)] GCM channel request failed.
Mar 25, 2017 22:27:50.71 [7480:456:0325/222750.715:ERROR:gcm_channel_status_request.cc(89)] GCM channel request failed.
Mar 25, 2017 22:35:31.58 [7480:456:0325/223531.582:ERROR:gcm_channel_status_request.cc(89)] GCM channel request failed.
Mar 25, 2017 22:45:31.61 [7480:456:0325/224531.611:ERROR:gcm_channel_status_request.cc(89)] GCM channel request failed.
Mar 25, 2017 22:55:31.62 [7480:456:0325/225531.625:ERROR:gcm_channel_status_request.cc(89)] GCM channel request failed.
Mar 25, 2017 23:05:31.63 [7480:456:0325/230531.638:ERROR:gcm_channel_status_request.cc(89)] GCM channel request failed.
Mar 25, 2017 23:15:31.66 [7480:456:0325/231531.664:ERROR:gcm_channel_status_request.cc(89)] GCM channel request failed.
Mar 25, 2017 23:23:37.32 [7796:4460:0325/232337.324:ERROR:gcm_channel_status_request.cc(89)] GCM channel request failed.
Mar 25, 2017 23:23:57.72 [7796:4460:0325/232357.727:ERROR:gcm_channel_status_request.cc(89)] GCM channel request failed.
Mar 25, 2017 23:24:47.80 [7796:4460:0325/232447.801:ERROR:gcm_channel_status_request.cc(89)] GCM channel request failed.
Mar 25, 2017 23:26:17.07 [7796:4460:0325/232617.070:ERROR:gcm_channel_status_request.cc(89)] GCM channel request failed.
Mar 25, 2017 23:29:35.18 [7796:4460:0325/232935.186:ERROR:gcm_channel_status_request.cc(89)] GCM channel request failed.
Mar 25, 2017 23:36:09.50 [7796:4460:0325/233609.501:ERROR:gcm_channel_status_request.cc(89)] GCM channel request failed.

Mar 26, 2017 11:52:58.19 NEW SESSION
Mar 26, 2017 11:52:58.19 [2724:6692:0326/115258.189:ERROR:gcm_channel_status_request.cc(89)] GCM channel request failed.
Mar 26, 2017 11:53:24.52 [2724:6692:0326/115324.521:ERROR:gcm_channel_status_request.cc(89)] GCM channel request failed.
Mar 26, 2017 11:54:21.37 [2724:6692:0326/115421.370:ERROR:gcm_channel_status_request.cc(89)] GCM channel request failed.
Mar 26, 2017 11:56:14.85 [2724:6692:0326/115614.857:ERROR:gcm_channel_status_request.cc(89)] GCM channel request failed.
Mar 26, 2017 12:00:11.25 [2724:6692:0326/120011.257:ERROR:gcm_channel_status_request.cc(89)] GCM channel request failed.
Mar 26, 2017 12:07:36.50 [2724:6692:0326/120736.502:ERROR:gcm_channel_status_request.cc(89)] GCM channel request failed.
Mar 26, 2017 12:17:36.50 [2724:6692:0326/121736.504:ERROR:gcm_channel_status_request.cc(89)] GCM channel request failed.
Mar 26, 2017 12:27:57.51 [2724:6692:0326/122757.510:ERROR:gcm_channel_status_request.cc(89)] GCM channel request failed.
Mar 26, 2017 12:38:08.67 [2724:6692:0326/123808.677:ERROR:gcm_channel_status_request.cc(89)] GCM channel request failed.
Mar 26, 2017 12:48:29.77 [2724:6692:0326/124829.771:ERROR:gcm_channel_status_request.cc(89)] GCM channel request failed.
Mar 26, 2017 12:58:51.06 [2724:6692:0326/125851.065:ERROR:gcm_channel_status_request.cc(89)] GCM channel request failed.

Mar 26, 2017 21:03:34.96 NEW SESSION
Mar 26, 2017 21:03:34.96 [808:7936:0326/210334.961:ERROR:gcm_channel_status_request.cc(89)] GCM channel request failed.
Mar 26, 2017 21:03:56.01 [808:7936:0326/210356.013:ERROR:gcm_channel_status_request.cc(89)] GCM channel request failed.
Mar 26, 2017 21:04:37.50 [808:7936:0326/210437.507:ERROR:gcm_channel_status_request.cc(89)] GCM channel request failed.
Mar 26, 2017 21:06:15.12 [808:7936:0326/210615.126:ERROR:gcm_channel_status_request.cc(89)] GCM channel request failed.
Mar 26, 2017 21:09:36.04 [808:7936:0326/210936.044:ERROR:gcm_channel_status_request.cc(89)] GCM channel request failed.
Mar 26, 2017 21:16:56.09 [808:7936:0326/211656.096:ERROR:gcm_channel_status_request.cc(89)] GCM channel request failed.
Mar 26, 2017 21:46:24.50 [5268:8264:0326/214624.505:ERROR:gcm_channel_status_request.cc(89)] GCM channel request failed.
Mar 26, 2017 21:46:44.63 [5268:8264:0326/214644.638:ERROR:gcm_channel_status_request.cc(89)] GCM channel request failed.
Mar 26, 2017 22:13:46.77 [5268:8264:0326/221346.777:ERROR:gcm_channel_status_request.cc(89)] GCM channel request failed.
Mar 26, 2017 22:15:38.19 [5268:8264:0326/221538.192:ERROR:gcm_channel_status_request.cc(89)] GCM channel request failed.
Mar 26, 2017 22:19:09.85 [5268:8264:0326/221909.850:ERROR:gcm_channel_status_request.cc(89)] GCM channel request failed.
Mar 26, 2017 22:26:54.02 [5268:8264:0326/222654.025:ERROR:gcm_channel_status_request.cc(89)] GCM channel request failed.
Mar 26, 2017 22:36:54.02 [5268:8264:0326/223654.028:ERROR:gcm_channel_status_request.cc(89)] GCM channel request failed.
Mar 26, 2017 22:46:54.03 [5268:8264:0326/224654.031:ERROR:gcm_channel_status_request.cc(89)] GCM channel request failed.
Mar 26, 2017 22:54:44.32 [8768:7884:0326/225444.324:ERROR:gcm_channel_status_request.cc(89)] GCM channel request failed.
Mar 26, 2017 22:55:10.61 [8768:7884:0326/225510.617:ERROR:gcm_channel_status_request.cc(89)] GCM channel request failed.
Mar 26, 2017 22:55:56.66 [8768:7884:0326/225556.662:ERROR:gcm_channel_status_request.cc(89)] GCM channel request failed.
Mar 26, 2017 22:57:24.26 [8768:7884:0326/225724.266:ERROR:gcm_channel_status_request.cc(89)] GCM channel request failed.
Mar 26, 2017 23:00:51.01 [8768:7884:0326/230051.013:ERROR:gcm_channel_status_request.cc(89)] GCM channel request failed.
Mar 26, 2017 23:08:16.83 [8768:7884:0326/230816.831:ERROR:gcm_channel_status_request.cc(89)] GCM channel request failed.
Mar 26, 2017 23:18:16.84 [8768:7884:0326/231816.846:ERROR:gcm_channel_status_request.cc(89)] GCM channel request failed.
Mar 26, 2017 23:28:16.84 [8768:7884:0326/232816.848:ERROR:gcm_channel_status_request.cc(89)] GCM channel request failed.
Mar 26, 2017 23:38:16.85 [8768:7884:0326/233816.852:ERROR:gcm_channel_status_request.cc(89)] GCM channel request failed.
Mar 26, 2017 23:59:57.65 [2352:4760:0326/235957.656:ERROR:gcm_channel_status_request.cc(89)] GCM channel request failed.
Mar 27, 2017 24:00:23.15 [2352:4760:0327/000023.151:ERROR:gcm_channel_status_request.cc(89)] GCM channel request failed.
Mar 27, 2017 24:01:21.72 [2352:4760:0327/000121.722:ERROR:gcm_channel_status_request.cc(89)] GCM channel request failed.
Mar 27, 2017 24:03:05.68 [2352:4760:0327/000305.686:ERROR:gcm_channel_status_request.cc(89)] GCM channel request failed.
Mar 27, 2017 24:06:46.15 [2352:4760:0327/000646.150:ERROR:gcm_channel_status_request.cc(89)] GCM channel request failed.
Mar 27, 2017 24:12:12.43 [2352:4760:0327/001212.433:ERROR:gcm_channel_status_request.cc(89)] GCM channel request failed.

Mar 27, 2017 11:59:42.22 NEW SESSION
Mar 27, 2017 11:59:42.22 [4872:1668:0327/115942.219:ERROR:gcm_channel_status_request.cc(89)] GCM channel request failed.
Mar 27, 2017 12:00:07.66 [4872:1668:0327/120007.666:ERROR:gcm_channel_status_request.cc(89)] GCM channel request failed.
Mar 27, 2017 12:00:52.22 [4872:1668:0327/120052.221:ERROR:gcm_channel_status_request.cc(89)] GCM channel request failed.
Mar 27, 2017 12:02:38.71 [4872:1668:0327/120238.709:ERROR:gcm_channel_status_request.cc(89)] GCM channel request failed.
Mar 27, 2017 12:06:51.69 [4872:1668:0327/120651.690:ERROR:gcm_channel_status_request.cc(89)] GCM channel request failed.
Mar 27, 2017 12:13:18.76 [4872:1668:0327/121318.768:ERROR:gcm_channel_status_request.cc(89)] GCM channel request failed.
Mar 27, 2017 12:23:18.77 [4872:1668:0327/122318.771:ERROR:gcm_channel_status_request.cc(89)] GCM channel request failed.
Mar 27, 2017 12:57:15.09 [6812:668:0327/125715.098:ERROR:gcm_channel_status_request.cc(89)] GCM channel request failed.
Mar 27, 2017 12:57:35.98 [6812:668:0327/125735.988:ERROR:gcm_channel_status_request.cc(89)] GCM channel request failed.
Mar 27, 2017 12:58:32.78 [6812:668:0327/125832.782:ERROR:gcm_channel_status_request.cc(89)] GCM channel request failed.
Mar 27, 2017 13:00:10.46 [6812:668:0327/130010.461:ERROR:gcm_channel_status_request.cc(89)] GCM channel request failed.
Mar 27, 2017 13:03:58.42 [6812:668:0327/130358.422:ERROR:gcm_channel_status_request.cc(89)] GCM channel request failed.
Mar 27, 2017 13:13:06.82 [6812:668:0327/131306.829:ERROR:gcm_channel_status_request.cc(89)] GCM channel request failed.

Apr 03, 2017 23:13:27.32 NEW SESSION
Apr 03, 2017 23:13:27.32 [9104:10188:0403/231327.324:ERROR:child_thread_impl.cc(762)] Request for unknown Channel-associated interface: ui::mojom::GpuMain

Apr 03, 2017 23:19:33.68 NEW SESSION
Apr 03, 2017 23:19:33.68 [9868:9292:0403/231933.684:ERROR:child_thread_impl.cc(762)] Request for unknown Channel-associated interface: ui::mojom::GpuMain

Apr 04, 2017 24:08:10.36 NEW SESSION
Apr 04, 2017 24:08:10.36 [6244:7216:0404/000810.366:ERROR:child_thread_impl.cc(762)] Request for unknown Channel-associated interface: ui::mojom::GpuMain
Apr 04, 2017 24:10:44.90 [1088:3296:0404/001044.908:ERROR:child_thread_impl.cc(762)] Request for unknown Channel-associated interface: ui::mojom::GpuMain

Apr 04, 2017 24:23:34.72 NEW SESSION
Apr 04, 2017 24:23:34.72 [9448:8668:0404/002334.721:ERROR:child_thread_impl.cc(762)] Request for unknown Channel-associated interface: ui::mojom::GpuMain

Apr 04, 2017 22:24:14.41 NEW SESSION
Apr 04, 2017 22:24:14.41 [2900:6416:0404/222414.390:ERROR:child_thread_impl.cc(762)] Request for unknown Channel-associated interface: ui::mojom::GpuMain
Apr 04, 2017 23:06:59.42 [7928:7380:0404/230659.420:ERROR:child_thread_impl.cc(762)] Request for unknown Channel-associated interface: ui::mojom::GpuMain
Apr 04, 2017 23:07:16.20 [7292:2440:0404/230716.209:ERROR:child_thread_impl.cc(762)] Request for unknown Channel-associated interface: ui::mojom::GpuMain
Apr 04, 2017 23:35:12.94 [6948:336:0404/233512.940:ERROR:child_thread_impl.cc(762)] Request for unknown Channel-associated interface: ui::mojom::GpuMain
Apr 05, 2017 24:21:23.37 [8300:3604:0405/002123.372:ERROR:child_thread_impl.cc(762)] Request for unknown Channel-associated interface: ui::mojom::GpuMain

Apr 21, 2017 19:07:33.27 NEW SESSION
Apr 21, 2017 19:07:33.27 [9816:1432:0421/190733.146:ERROR:child_thread_impl.cc(762)] Request for unknown Channel-associated interface: ui::mojom::GpuMain
Apr 21, 2017 22:26:34.91 [10760:8208:0421/222634.915:ERROR:gcm_channel_status_request.cc(89)] GCM channel request failed.
Apr 21, 2017 22:26:58.66 [10760:8208:0421/222658.665:ERROR:gcm_channel_status_request.cc(89)] GCM channel request failed.
Apr 22, 2017 12:06:34.93 [10760:8208:0422/120631.410:ERROR:gcm_channel_status_request.cc(89)] GCM channel request failed.

Aug 30, 2017 11:55:57.83 NEW SESSION
Aug 30, 2017 11:55:57.83 [6988:11996:0830/115557.763:ERROR:service_manager.cc(142)] Connection InterfaceProviderSpec prevented service: content_plugin from binding interface: memory_instrumentation::mojom::Coordinator exposed by: content_browser

Aug 30, 2017 15:10:06.40 NEW SESSION
Aug 30, 2017 15:10:06.41 [9140:6864:0830/151006.403:ERROR:CONSOLE(1405)] "Uncaught (in promise) Error: Could not resolve node to reveal.", source: chrome-devtools://devtools/bundled/elements/elements_module.js (1405)

Aug 30, 2017 23:02:54.90 NEW SESSION
Aug 30, 2017 23:02:54.90 [7612:4252:0830/230254.901:ERROR:gcm_channel_status_request.cc(127)] GCM channel request failed.

Sep 03, 2017 22:20:56.24 NEW SESSION
Sep 03, 2017 22:20:56.24 [7784:4944:0903/222056.243:ERROR:gcm_channel_status_request.cc(127)] GCM channel request failed.

Sep 06, 2017 21:08:40.83 NEW SESSION
Sep 06, 2017 21:08:40.83 [2100:2708:0906/210840.831:ERROR:gcm_channel_status_request.cc(127)] GCM channel request failed.
Sep 06, 2017 22:54:27.27 [2100:7708:0906/225427.273:ERROR:ssl_client_socket_impl.cc(1072)] handshake failed; returned -1, SSL error code 1, net_error -100
Sep 06, 2017 22:54:52.25 [2100:7708:0906/225452.250:ERROR:service_manager.cc(142)] Connection InterfaceProviderSpec prevented service: content_plugin from binding interface: memory_instrumentation::mojom::Coordinator exposed by: content_browser

Sep 07, 2017 24:03:42.80 NEW SESSION
Sep 07, 2017 24:03:42.80 [9292:9016:0907/000342.797:ERROR:gcm_channel_status_request.cc(127)] GCM channel request failed.

Sep 07, 2017 24:15:24.34 NEW SESSION
Sep 07, 2017 24:15:24.34 [4912:1020:0907/001524.336:ERROR:backend_impl.cc(1021)] Critical error found -8
Sep 07, 2017 24:15:24.39 [4912:1020:0907/001524.337:ERROR:entry_impl.cc(1037)] No file for a001b36b
Sep 07, 2017 24:15:26.54 [4912:1020:0907/001526.540:ERROR:backend_impl.cc(1021)] Critical error found -8
Sep 07, 2017 24:15:26.57 [4912:1020:0907/001526.541:ERROR:entry_impl.cc(962)] Failed to save user data

Sep 07, 2017 14:26:27.57 NEW SESSION
Sep 07, 2017 14:26:27.57 [6172:8652:0907/142627.569:ERROR:service_manager.cc(142)] Connection InterfaceProviderSpec prevented service: content_plugin from binding interface: memory_instrumentation::mojom::Coordinator exposed by: content_browser

Sep 08, 2017 16:23:01.65 NEW SESSION
Sep 08, 2017 16:23:01.65 [1512:7852:0908/162301.599:ERROR:CONSOLE(1405)] "Uncaught (in promise) Error: Could not resolve node to reveal.", source: chrome-devtools://devtools/bundled/elements/elements_module.js (1405)

Sep 08, 2017 19:32:08.39 NEW SESSION
Sep 08, 2017 19:32:08.39 [10220:3632:0908/193208.387:ERROR:CONSOLE(1405)] "Uncaught (in promise) Error: Could not resolve node to reveal.", source: chrome-devtools://devtools/bundled/elements/elements_module.js (1405)
Sep 08, 2017 20:03:33.80 [10220:3632:0908/200333.808:ERROR:gcm_channel_status_request.cc(127)] GCM channel request failed.
Sep 08, 2017 20:31:58.63 [10220:3632:0908/203158.634:ERROR:CONSOLE(412)] "Uncaught (in promise) TypeError: Cannot read property 'indexOf' of null", source: chrome-devtools://devtools/bundled/inspector.js (412)

Sep 10, 2017 15:04:16.97 NEW SESSION
Sep 10, 2017 15:04:16.97 [7460:7332:0910/150416.805:ERROR:service_manager.cc(142)] Connection InterfaceProviderSpec prevented service: content_plugin from binding interface: memory_instrumentation::mojom::Coordinator exposed by: content_browser
Sep 10, 2017 17:30:39.96 [4492:10592:0910/173039.960:ERROR:service_manager.cc(142)] Connection InterfaceProviderSpec prevented service: content_plugin from binding interface: memory_instrumentation::mojom::Coordinator exposed by: content_browser
Sep 10, 2017 18:05:00.67 [4492:10592:0910/180500.670:ERROR:service_manager.cc(142)] Connection InterfaceProviderSpec prevented service: content_plugin from binding interface: memory_instrumentation::mojom::Coordinator exposed by: content_browser
Sep 10, 2017 20:09:02.97 [4492:10592:0910/200902.972:ERROR:service_manager.cc(142)] Connection InterfaceProviderSpec prevented service: content_plugin from binding interface: memory_instrumentation::mojom::Coordinator exposed by: content_browser
Sep 10, 2017 20:11:47.72 [4492:10592:0910/201147.720:ERROR:service_manager.cc(142)] Connection InterfaceProviderSpec prevented service: content_plugin from binding interface: memory_instrumentation::mojom::Coordinator exposed by: content_browser
Sep 10, 2017 20:36:48.98 [4492:10592:0910/203648.985:ERROR:service_manager.cc(142)] Connection InterfaceProviderSpec prevented service: content_plugin from binding interface: memory_instrumentation::mojom::Coordinator exposed by: content_browser
Sep 10, 2017 20:43:56.82 [4492:5208:0910/204356.826:ERROR:CONSOLE(3163)] "Request Target.setAttachToFrames failed. {"code":-32601,"message":"'Target.setAttachToFrames' wasn't found"}", source: chrome-devtools://devtools/bundled/inspector.js (3163)

Sep 13, 2017 18:29:01.41 NEW SESSION
Sep 13, 2017 18:29:01.41 [6684:4320:0913/182901.389:ERROR:service_manager.cc(142)] Connection InterfaceProviderSpec prevented service: content_plugin from binding interface: memory_instrumentation::mojom::Coordinator exposed by: content_browser
